Wed Jul 16 14:00:54 2025       
+---------------------------------------------------------------------------------------+
| NVIDIA-SMI 535.183.01             Driver Version: 535.183.01   CUDA Version: 12.2     |
|-----------------------------------------+----------------------+----------------------+
| GPU  Name                 Persistence-M | Bus-Id        Disp.A | Volatile Uncorr. ECC |
| Fan  Temp   Perf          Pwr:Usage/Cap |         Memory-Usage | GPU-Util  Compute M. |
|                                         |                      |               MIG M. |
|=========================================+======================+======================|
|   0  NVIDIA H100 PCIe               Off | 00000000:17:00.0 Off |                    0 |
| N/A   30C    P0              47W / 350W |      3MiB / 81559MiB |      0%      Default |
|                                         |                      |             Disabled |
+-----------------------------------------+----------------------+----------------------+
|   1  NVIDIA H100 PCIe               Off | 00000000:3D:00.0 Off |                    0 |
| N/A   32C    P0              47W / 350W |      3MiB / 81559MiB |      0%      Default |
|                                         |                      |             Disabled |
+-----------------------------------------+----------------------+----------------------+
|   2  NVIDIA H100 PCIe               Off | 00000000:50:00.0 Off |                    0 |
| N/A   31C    P0              48W / 350W |      3MiB / 81559MiB |      0%      Default |
|                                         |                      |             Disabled |
+-----------------------------------------+----------------------+----------------------+
|   3  NVIDIA H100 PCIe               Off | 00000000:63:00.0 Off |                    0 |
| N/A   31C    P0              48W / 350W |      3MiB / 81559MiB |      0%      Default |
|                                         |                      |             Disabled |
+-----------------------------------------+----------------------+----------------------+
|   4  NVIDIA H100 PCIe               Off | 00000000:99:00.0 Off |                    0 |
| N/A   30C    P0              48W / 350W |      3MiB / 81559MiB |      0%      Default |
|                                         |                      |             Disabled |
+-----------------------------------------+----------------------+----------------------+
|   5  NVIDIA H100 PCIe               Off | 00000000:BD:00.0 Off |                    0 |
| N/A   31C    P0              49W / 350W |      3MiB / 81559MiB |      0%      Default |
|                                         |                      |             Disabled |
+-----------------------------------------+----------------------+----------------------+
|   6  NVIDIA H100 PCIe               Off | 00000000:CF:00.0 Off |                    0 |
| N/A   30C    P0              48W / 350W |      3MiB / 81559MiB |      0%      Default |
|                                         |                      |             Disabled |
+-----------------------------------------+----------------------+----------------------+
|   7  NVIDIA H100 PCIe               Off | 00000000:E1:00.0 Off |                    0 |
| N/A   33C    P0              50W / 350W |      3MiB / 81559MiB |      0%      Default |
|                                         |                      |             Disabled |
+-----------------------------------------+----------------------+----------------------+
                                                                                         
+---------------------------------------------------------------------------------------+
| Processes:                                                                            |
|  GPU   GI   CI        PID   Type   Process name                            GPU Memory |
|        ID   ID                                                             Usage      |
|=======================================================================================|
|  No running processes found                                                           |
+---------------------------------------------------------------------------------------+
Wed Jul 16 14:00:57 2025       
+---------------------------------------------------------------------------------------+
| NVIDIA-SMI 535.183.01             Driver Version: 535.183.01   CUDA Version: 12.2     |
|-----------------------------------------+----------------------+----------------------+
| GPU  Name                 Persistence-M | Bus-Id        Disp.A | Volatile Uncorr. ECC |
| Fan  Temp   Perf          Pwr:Usage/Cap |         Memory-Usage | GPU-Util  Compute M. |
|                                         |                      |               MIG M. |
|=========================================+======================+======================|
|   0  NVIDIA H100 PCIe               Off | 00000000:17:00.0 Off |                    0 |
| N/A   30C    P0              47W / 350W |      3MiB / 81559MiB |      0%      Default |
|                                         |                      |             Disabled |
+-----------------------------------------+----------------------+----------------------+
|   1  NVIDIA H100 PCIe               Off | 00000000:3D:00.0 Off |                    0 |
| N/A   32C    P0              47W / 350W |      3MiB / 81559MiB |      0%      Default |
|                                         |                      |             Disabled |
+-----------------------------------------+----------------------+----------------------+
|   2  NVIDIA H100 PCIe               Off | 00000000:50:00.0 Off |                    0 |
| N/A   31C    P0              48W / 350W |      3MiB / 81559MiB |      0%      Default |
|                                         |                      |             Disabled |
+-----------------------------------------+----------------------+----------------------+
|   3  NVIDIA H100 PCIe               Off | 00000000:63:00.0 Off |                    0 |
| N/A   31C    P0              48W / 350W |      3MiB / 81559MiB |      0%      Default |
|                                         |                      |             Disabled |
+-----------------------------------------+----------------------+----------------------+
|   4  NVIDIA H100 PCIe               Off | 00000000:99:00.0 Off |                    0 |
| N/A   30C    P0              48W / 350W |      3MiB / 81559MiB |      0%      Default |
|                                         |                      |             Disabled |
+-----------------------------------------+----------------------+----------------------+
|   5  NVIDIA H100 PCIe               Off | 00000000:BD:00.0 Off |                    0 |
| N/A   31C    P0              49W / 350W |      3MiB / 81559MiB |      0%      Default |
|                                         |                      |             Disabled |
+-----------------------------------------+----------------------+----------------------+
|   6  NVIDIA H100 PCIe               Off | 00000000:CF:00.0 Off |                    0 |
| N/A   30C    P0              48W / 350W |      3MiB / 81559MiB |      0%      Default |
|                                         |                      |             Disabled |
+-----------------------------------------+----------------------+----------------------+
|   7  NVIDIA H100 PCIe               Off | 00000000:E1:00.0 Off |                    0 |
| N/A   33C    P0              50W / 350W |      3MiB / 81559MiB |      0%      Default |
|                                         |                      |             Disabled |
+-----------------------------------------+----------------------+----------------------+
                                                                                         
+---------------------------------------------------------------------------------------+
| Processes:                                                                            |
|  GPU   GI   CI        PID   Type   Process name                            GPU Memory |
|        ID   ID                                                             Usage      |
|=======================================================================================|
|  No running processes found                                                           |
+---------------------------------------------------------------------------------------+
Wed Jul 16 14:00:58 2025       
+---------------------------------------------------------------------------------------+
| NVIDIA-SMI 535.183.01             Driver Version: 535.183.01   CUDA Version: 12.2     |
|-----------------------------------------+----------------------+----------------------+
| GPU  Name                 Persistence-M | Bus-Id        Disp.A | Volatile Uncorr. ECC |
| Fan  Temp   Perf          Pwr:Usage/Cap |         Memory-Usage | GPU-Util  Compute M. |
|                                         |                      |               MIG M. |
|=========================================+======================+======================|
|   0  NVIDIA H100 PCIe               Off | 00000000:17:00.0 Off |                    0 |
| N/A   30C    P0              47W / 350W |      3MiB / 81559MiB |      0%      Default |
|                                         |                      |             Disabled |
+-----------------------------------------+----------------------+----------------------+
|   1  NVIDIA H100 PCIe               Off | 00000000:3D:00.0 Off |                    0 |
| N/A   32C    P0              47W / 350W |      3MiB / 81559MiB |      0%      Default |
|                                         |                      |             Disabled |
+-----------------------------------------+----------------------+----------------------+
|   2  NVIDIA H100 PCIe               Off | 00000000:50:00.0 Off |                    0 |
| N/A   31C    P0              48W / 350W |      3MiB / 81559MiB |      0%      Default |
|                                         |                      |             Disabled |
+-----------------------------------------+----------------------+----------------------+
|   3  NVIDIA H100 PCIe               Off | 00000000:63:00.0 Off |                    0 |
| N/A   31C    P0              48W / 350W |      3MiB / 81559MiB |      0%      Default |
|                                         |                      |             Disabled |
+-----------------------------------------+----------------------+----------------------+
|   4  NVIDIA H100 PCIe               Off | 00000000:99:00.0 Off |                    0 |
| N/A   30C    P0              48W / 350W |      3MiB / 81559MiB |      0%      Default |
|                                         |                      |             Disabled |
+-----------------------------------------+----------------------+----------------------+
|   5  NVIDIA H100 PCIe               Off | 00000000:BD:00.0 Off |                    0 |
| N/A   31C    P0              49W / 350W |      3MiB / 81559MiB |      0%      Default |
|                                         |                      |             Disabled |
+-----------------------------------------+----------------------+----------------------+
|   6  NVIDIA H100 PCIe               Off | 00000000:CF:00.0 Off |                    0 |
| N/A   30C    P0              48W / 350W |      3MiB / 81559MiB |      0%      Default |
|                                         |                      |             Disabled |
+-----------------------------------------+----------------------+----------------------+
|   7  NVIDIA H100 PCIe               Off | 00000000:E1:00.0 Off |                    0 |
| N/A   33C    P0              50W / 350W |      3MiB / 81559MiB |      0%      Default |
|                                         |                      |             Disabled |
+-----------------------------------------+----------------------+----------------------+
                                                                                         
+---------------------------------------------------------------------------------------+
| Processes:                                                                            |
|  GPU   GI   CI        PID   Type   Process name                            GPU Memory |
|        ID   ID                                                             Usage      |
|=======================================================================================|
|  No running processes found                                                           |
+---------------------------------------------------------------------------------------+
Wed Jul 16 14:01:00 2025       
+---------------------------------------------------------------------------------------+
| NVIDIA-SMI 535.183.01             Driver Version: 535.183.01   CUDA Version: 12.2     |
|-----------------------------------------+----------------------+----------------------+
| GPU  Name                 Persistence-M | Bus-Id        Disp.A | Volatile Uncorr. ECC |
| Fan  Temp   Perf          Pwr:Usage/Cap |         Memory-Usage | GPU-Util  Compute M. |
|                                         |                      |               MIG M. |
|=========================================+======================+======================|
|   0  NVIDIA H100 PCIe               Off | 00000000:17:00.0 Off |                    0 |
| N/A   30C    P0              47W / 350W |      3MiB / 81559MiB |      0%      Default |
|                                         |                      |             Disabled |
+-----------------------------------------+----------------------+----------------------+
|   1  NVIDIA H100 PCIe               Off | 00000000:3D:00.0 Off |                    0 |
| N/A   32C    P0              47W / 350W |      3MiB / 81559MiB |      0%      Default |
|                                         |                      |             Disabled |
+-----------------------------------------+----------------------+----------------------+
|   2  NVIDIA H100 PCIe               Off | 00000000:50:00.0 Off |                    0 |
| N/A   31C    P0              48W / 350W |      3MiB / 81559MiB |      0%      Default |
|                                         |                      |             Disabled |
+-----------------------------------------+----------------------+----------------------+
|   3  NVIDIA H100 PCIe               Off | 00000000:63:00.0 Off |                    0 |
| N/A   31C    P0              48W / 350W |      3MiB / 81559MiB |      0%      Default |
|                                         |                      |             Disabled |
+-----------------------------------------+----------------------+----------------------+
|   4  NVIDIA H100 PCIe               Off | 00000000:99:00.0 Off |                    0 |
| N/A   30C    P0              48W / 350W |      3MiB / 81559MiB |      0%      Default |
|                                         |                      |             Disabled |
+-----------------------------------------+----------------------+----------------------+
|   5  NVIDIA H100 PCIe               Off | 00000000:BD:00.0 Off |                    0 |
| N/A   31C    P0              49W / 350W |      3MiB / 81559MiB |      0%      Default |
|                                         |                      |             Disabled |
+-----------------------------------------+----------------------+----------------------+
|   6  NVIDIA H100 PCIe               Off | 00000000:CF:00.0 Off |                    0 |
| N/A   30C    P0              48W / 350W |      3MiB / 81559MiB |      0%      Default |
|                                         |                      |             Disabled |
+-----------------------------------------+----------------------+----------------------+
|   7  NVIDIA H100 PCIe               Off | 00000000:E1:00.0 Off |                    0 |
| N/A   33C    P0              50W / 350W |      3MiB / 81559MiB |      0%      Default |
|                                         |                      |             Disabled |
+-----------------------------------------+----------------------+----------------------+
                                                                                         
+---------------------------------------------------------------------------------------+
| Processes:                                                                            |
|  GPU   GI   CI        PID   Type   Process name                            GPU Memory |
|        ID   ID                                                             Usage      |
|=======================================================================================|
|  No running processes found                                                           |
+---------------------------------------------------------------------------------------+
Wed Jul 16 14:01:02 2025       
+---------------------------------------------------------------------------------------+
| NVIDIA-SMI 535.183.01             Driver Version: 535.183.01   CUDA Version: 12.2     |
|-----------------------------------------+----------------------+----------------------+
| GPU  Name                 Persistence-M | Bus-Id        Disp.A | Volatile Uncorr. ECC |
| Fan  Temp   Perf          Pwr:Usage/Cap |         Memory-Usage | GPU-Util  Compute M. |
|                                         |                      |               MIG M. |
|=========================================+======================+======================|
|   0  NVIDIA H100 PCIe               Off | 00000000:17:00.0 Off |                    0 |
| N/A   30C    P0              47W / 350W |      3MiB / 81559MiB |      0%      Default |
|                                         |                      |             Disabled |
+-----------------------------------------+----------------------+----------------------+
|   1  NVIDIA H100 PCIe               Off | 00000000:3D:00.0 Off |                    0 |
| N/A   32C    P0              47W / 350W |      3MiB / 81559MiB |      0%      Default |
|                                         |                      |             Disabled |
+-----------------------------------------+----------------------+----------------------+
|   2  NVIDIA H100 PCIe               Off | 00000000:50:00.0 Off |                    0 |
| N/A   31C    P0              48W / 350W |      3MiB / 81559MiB |      0%      Default |
|                                         |                      |             Disabled |
+-----------------------------------------+----------------------+----------------------+
|   3  NVIDIA H100 PCIe               Off | 00000000:63:00.0 Off |                    0 |
| N/A   31C    P0              48W / 350W |      3MiB / 81559MiB |      0%      Default |
|                                         |                      |             Disabled |
+-----------------------------------------+----------------------+----------------------+
|   4  NVIDIA H100 PCIe               Off | 00000000:99:00.0 Off |                    0 |
| N/A   30C    P0              48W / 350W |      3MiB / 81559MiB |      0%      Default |
|                                         |                      |             Disabled |
+-----------------------------------------+----------------------+----------------------+
|   5  NVIDIA H100 PCIe               Off | 00000000:BD:00.0 Off |                    0 |
| N/A   31C    P0              49W / 350W |      3MiB / 81559MiB |      0%      Default |
|                                         |                      |             Disabled |
+-----------------------------------------+----------------------+----------------------+
|   6  NVIDIA H100 PCIe               Off | 00000000:CF:00.0 Off |                    0 |
| N/A   30C    P0              48W / 350W |      3MiB / 81559MiB |      0%      Default |
|                                         |                      |             Disabled |
+-----------------------------------------+----------------------+----------------------+
|   7  NVIDIA H100 PCIe               Off | 00000000:E1:00.0 Off |                    0 |
| N/A   33C    P0              50W / 350W |      3MiB / 81559MiB |      0%      Default |
|                                         |                      |             Disabled |
+-----------------------------------------+----------------------+----------------------+
                                                                                         
+---------------------------------------------------------------------------------------+
| Processes:                                                                            |
|  GPU   GI   CI        PID   Type   Process name                            GPU Memory |
|        ID   ID                                                             Usage      |
|=======================================================================================|
|  No running processes found                                                           |
+---------------------------------------------------------------------------------------+
Wed Jul 16 14:01:04 2025       
+---------------------------------------------------------------------------------------+
| NVIDIA-SMI 535.183.01             Driver Version: 535.183.01   CUDA Version: 12.2     |
|-----------------------------------------+----------------------+----------------------+
| GPU  Name                 Persistence-M | Bus-Id        Disp.A | Volatile Uncorr. ECC |
| Fan  Temp   Perf          Pwr:Usage/Cap |         Memory-Usage | GPU-Util  Compute M. |
|                                         |                      |               MIG M. |
|=========================================+======================+======================|
|   0  NVIDIA H100 PCIe               Off | 00000000:17:00.0 Off |                    0 |
| N/A   30C    P0              47W / 350W |      3MiB / 81559MiB |      0%      Default |
|                                         |                      |             Disabled |
+-----------------------------------------+----------------------+----------------------+
|   1  NVIDIA H100 PCIe               Off | 00000000:3D:00.0 Off |                    0 |
| N/A   32C    P0              47W / 350W |      3MiB / 81559MiB |      0%      Default |
|                                         |                      |             Disabled |
+-----------------------------------------+----------------------+----------------------+
|   2  NVIDIA H100 PCIe               Off | 00000000:50:00.0 Off |                    0 |
| N/A   31C    P0              48W / 350W |      3MiB / 81559MiB |      0%      Default |
|                                         |                      |             Disabled |
+-----------------------------------------+----------------------+----------------------+
|   3  NVIDIA H100 PCIe               Off | 00000000:63:00.0 Off |                    0 |
| N/A   31C    P0              48W / 350W |      3MiB / 81559MiB |      0%      Default |
|                                         |                      |             Disabled |
+-----------------------------------------+----------------------+----------------------+
|   4  NVIDIA H100 PCIe               Off | 00000000:99:00.0 Off |                    0 |
| N/A   30C    P0              48W / 350W |      3MiB / 81559MiB |      0%      Default |
|                                         |                      |             Disabled |
+-----------------------------------------+----------------------+----------------------+
|   5  NVIDIA H100 PCIe               Off | 00000000:BD:00.0 Off |                    0 |
| N/A   31C    P0              49W / 350W |      3MiB / 81559MiB |      0%      Default |
|                                         |                      |             Disabled |
+-----------------------------------------+----------------------+----------------------+
|   6  NVIDIA H100 PCIe               Off | 00000000:CF:00.0 Off |                    0 |
| N/A   30C    P0              48W / 350W |      3MiB / 81559MiB |      0%      Default |
|                                         |                      |             Disabled |
+-----------------------------------------+----------------------+----------------------+
|   7  NVIDIA H100 PCIe               Off | 00000000:E1:00.0 Off |                    0 |
| N/A   33C    P0              50W / 350W |      3MiB / 81559MiB |      0%      Default |
|                                         |                      |             Disabled |
+-----------------------------------------+----------------------+----------------------+
                                                                                         
+---------------------------------------------------------------------------------------+
| Processes:                                                                            |
|  GPU   GI   CI        PID   Type   Process name                            GPU Memory |
|        ID   ID                                                             Usage      |
|=======================================================================================|
|  No running processes found                                                           |
+---------------------------------------------------------------------------------------+
Wed Jul 16 14:01:06 2025       
+---------------------------------------------------------------------------------------+
| NVIDIA-SMI 535.183.01             Driver Version: 535.183.01   CUDA Version: 12.2     |
|-----------------------------------------+----------------------+----------------------+
| GPU  Name                 Persistence-M | Bus-Id        Disp.A | Volatile Uncorr. ECC |
| Fan  Temp   Perf          Pwr:Usage/Cap |         Memory-Usage | GPU-Util  Compute M. |
|                                         |                      |               MIG M. |
|=========================================+======================+======================|
|   0  NVIDIA H100 PCIe               Off | 00000000:17:00.0 Off |                    0 |
| N/A   30C    P0              47W / 350W |      3MiB / 81559MiB |      0%      Default |
|                                         |                      |             Disabled |
+-----------------------------------------+----------------------+----------------------+
|   1  NVIDIA H100 PCIe               Off | 00000000:3D:00.0 Off |                    0 |
| N/A   32C    P0              47W / 350W |      3MiB / 81559MiB |      0%      Default |
|                                         |                      |             Disabled |
+-----------------------------------------+----------------------+----------------------+
|   2  NVIDIA H100 PCIe               Off | 00000000:50:00.0 Off |                    0 |
| N/A   31C    P0              48W / 350W |      3MiB / 81559MiB |      0%      Default |
|                                         |                      |             Disabled |
+-----------------------------------------+----------------------+----------------------+
|   3  NVIDIA H100 PCIe               Off | 00000000:63:00.0 Off |                    0 |
| N/A   31C    P0              48W / 350W |      3MiB / 81559MiB |      0%      Default |
|                                         |                      |             Disabled |
+-----------------------------------------+----------------------+----------------------+
|   4  NVIDIA H100 PCIe               Off | 00000000:99:00.0 Off |                    0 |
| N/A   30C    P0              48W / 350W |      3MiB / 81559MiB |      0%      Default |
|                                         |                      |             Disabled |
+-----------------------------------------+----------------------+----------------------+
|   5  NVIDIA H100 PCIe               Off | 00000000:BD:00.0 Off |                    0 |
| N/A   31C    P0              49W / 350W |      3MiB / 81559MiB |      0%      Default |
|                                         |                      |             Disabled |
+-----------------------------------------+----------------------+----------------------+
|   6  NVIDIA H100 PCIe               Off | 00000000:CF:00.0 Off |                    0 |
| N/A   30C    P0              48W / 350W |      3MiB / 81559MiB |      0%      Default |
|                                         |                      |             Disabled |
+-----------------------------------------+----------------------+----------------------+
|   7  NVIDIA H100 PCIe               Off | 00000000:E1:00.0 Off |                    0 |
| N/A   33C    P0              50W / 350W |      3MiB / 81559MiB |      0%      Default |
|                                         |                      |             Disabled |
+-----------------------------------------+----------------------+----------------------+
                                                                                         
+---------------------------------------------------------------------------------------+
| Processes:                                                                            |
|  GPU   GI   CI        PID   Type   Process name                            GPU Memory |
|        ID   ID                                                             Usage      |
|=======================================================================================|
|  No running processes found                                                           |
+---------------------------------------------------------------------------------------+
Wed Jul 16 14:01:08 2025       
+---------------------------------------------------------------------------------------+
| NVIDIA-SMI 535.183.01             Driver Version: 535.183.01   CUDA Version: 12.2     |
|-----------------------------------------+----------------------+----------------------+
| GPU  Name                 Persistence-M | Bus-Id        Disp.A | Volatile Uncorr. ECC |
| Fan  Temp   Perf          Pwr:Usage/Cap |         Memory-Usage | GPU-Util  Compute M. |
|                                         |                      |               MIG M. |
|=========================================+======================+======================|
|   0  NVIDIA H100 PCIe               Off | 00000000:17:00.0 Off |                    0 |
| N/A   30C    P0              47W / 350W |      3MiB / 81559MiB |      0%      Default |
|                                         |                      |             Disabled |
+-----------------------------------------+----------------------+----------------------+
|   1  NVIDIA H100 PCIe               Off | 00000000:3D:00.0 Off |                    0 |
| N/A   32C    P0              47W / 350W |      3MiB / 81559MiB |      0%      Default |
|                                         |                      |             Disabled |
+-----------------------------------------+----------------------+----------------------+
|   2  NVIDIA H100 PCIe               Off | 00000000:50:00.0 Off |                    0 |
| N/A   31C    P0              48W / 350W |      3MiB / 81559MiB |      0%      Default |
|                                         |                      |             Disabled |
+-----------------------------------------+----------------------+----------------------+
|   3  NVIDIA H100 PCIe               Off | 00000000:63:00.0 Off |                    0 |
| N/A   31C    P0              48W / 350W |      3MiB / 81559MiB |      0%      Default |
|                                         |                      |             Disabled |
+-----------------------------------------+----------------------+----------------------+
|   4  NVIDIA H100 PCIe               Off | 00000000:99:00.0 Off |                    0 |
| N/A   30C    P0              48W / 350W |      3MiB / 81559MiB |      0%      Default |
|                                         |                      |             Disabled |
+-----------------------------------------+----------------------+----------------------+
|   5  NVIDIA H100 PCIe               Off | 00000000:BD:00.0 Off |                    0 |
| N/A   31C    P0              49W / 350W |      3MiB / 81559MiB |      0%      Default |
|                                         |                      |             Disabled |
+-----------------------------------------+----------------------+----------------------+
|   6  NVIDIA H100 PCIe               Off | 00000000:CF:00.0 Off |                    0 |
| N/A   30C    P0              48W / 350W |      3MiB / 81559MiB |      0%      Default |
|                                         |                      |             Disabled |
+-----------------------------------------+----------------------+----------------------+
|   7  NVIDIA H100 PCIe               Off | 00000000:E1:00.0 Off |                    0 |
| N/A   33C    P0              50W / 350W |      3MiB / 81559MiB |      0%      Default |
|                                         |                      |             Disabled |
+-----------------------------------------+----------------------+----------------------+
                                                                                         
+---------------------------------------------------------------------------------------+
| Processes:                                                                            |
|  GPU   GI   CI        PID   Type   Process name                            GPU Memory |
|        ID   ID                                                             Usage      |
|=======================================================================================|
|  No running processes found                                                           |
+---------------------------------------------------------------------------------------+
Wed Jul 16 14:01:10 2025       
+---------------------------------------------------------------------------------------+
| NVIDIA-SMI 535.183.01             Driver Version: 535.183.01   CUDA Version: 12.2     |
|-----------------------------------------+----------------------+----------------------+
| GPU  Name                 Persistence-M | Bus-Id        Disp.A | Volatile Uncorr. ECC |
| Fan  Temp   Perf          Pwr:Usage/Cap |         Memory-Usage | GPU-Util  Compute M. |
|                                         |                      |               MIG M. |
|=========================================+======================+======================|
|   0  NVIDIA H100 PCIe               Off | 00000000:17:00.0 Off |                    0 |
| N/A   30C    P0              47W / 350W |      3MiB / 81559MiB |      0%      Default |
|                                         |                      |             Disabled |
+-----------------------------------------+----------------------+----------------------+
|   1  NVIDIA H100 PCIe               Off | 00000000:3D:00.0 Off |                    0 |
| N/A   32C    P0              47W / 350W |      3MiB / 81559MiB |      0%      Default |
|                                         |                      |             Disabled |
+-----------------------------------------+----------------------+----------------------+
|   2  NVIDIA H100 PCIe               Off | 00000000:50:00.0 Off |                    0 |
| N/A   31C    P0              48W / 350W |      3MiB / 81559MiB |      0%      Default |
|                                         |                      |             Disabled |
+-----------------------------------------+----------------------+----------------------+
|   3  NVIDIA H100 PCIe               Off | 00000000:63:00.0 Off |                    0 |
| N/A   31C    P0              48W / 350W |      3MiB / 81559MiB |      0%      Default |
|                                         |                      |             Disabled |
+-----------------------------------------+----------------------+----------------------+
|   4  NVIDIA H100 PCIe               Off | 00000000:99:00.0 Off |                    0 |
| N/A   30C    P0              48W / 350W |      3MiB / 81559MiB |      0%      Default |
|                                         |                      |             Disabled |
+-----------------------------------------+----------------------+----------------------+
|   5  NVIDIA H100 PCIe               Off | 00000000:BD:00.0 Off |                    0 |
| N/A   31C    P0              49W / 350W |      3MiB / 81559MiB |      0%      Default |
|                                         |                      |             Disabled |
+-----------------------------------------+----------------------+----------------------+
|   6  NVIDIA H100 PCIe               Off | 00000000:CF:00.0 Off |                    0 |
| N/A   30C    P0              48W / 350W |      3MiB / 81559MiB |      0%      Default |
|                                         |                      |             Disabled |
+-----------------------------------------+----------------------+----------------------+
|   7  NVIDIA H100 PCIe               Off | 00000000:E1:00.0 Off |                    0 |
| N/A   33C    P0              50W / 350W |      3MiB / 81559MiB |      0%      Default |
|                                         |                      |             Disabled |
+-----------------------------------------+----------------------+----------------------+
                                                                                         
+---------------------------------------------------------------------------------------+
| Processes:                                                                            |
|  GPU   GI   CI        PID   Type   Process name                            GPU Memory |
|        ID   ID                                                             Usage      |
|=======================================================================================|
|  No running processes found                                                           |
+---------------------------------------------------------------------------------------+
Wed Jul 16 14:01:12 2025       
+---------------------------------------------------------------------------------------+
| NVIDIA-SMI 535.183.01             Driver Version: 535.183.01   CUDA Version: 12.2     |
|-----------------------------------------+----------------------+----------------------+
| GPU  Name                 Persistence-M | Bus-Id        Disp.A | Volatile Uncorr. ECC |
| Fan  Temp   Perf          Pwr:Usage/Cap |         Memory-Usage | GPU-Util  Compute M. |
|                                         |                      |               MIG M. |
|=========================================+======================+======================|
|   0  NVIDIA H100 PCIe               Off | 00000000:17:00.0 Off |                    0 |
| N/A   30C    P0              47W / 350W |      3MiB / 81559MiB |      0%      Default |
|                                         |                      |             Disabled |
+-----------------------------------------+----------------------+----------------------+
|   1  NVIDIA H100 PCIe               Off | 00000000:3D:00.0 Off |                    0 |
| N/A   32C    P0              47W / 350W |      3MiB / 81559MiB |      0%      Default |
|                                         |                      |             Disabled |
+-----------------------------------------+----------------------+----------------------+
|   2  NVIDIA H100 PCIe               Off | 00000000:50:00.0 Off |                    0 |
| N/A   31C    P0              48W / 350W |      3MiB / 81559MiB |      0%      Default |
|                                         |                      |             Disabled |
+-----------------------------------------+----------------------+----------------------+
|   3  NVIDIA H100 PCIe               Off | 00000000:63:00.0 Off |                    0 |
| N/A   31C    P0              48W / 350W |      3MiB / 81559MiB |      0%      Default |
|                                         |                      |             Disabled |
+-----------------------------------------+----------------------+----------------------+
|   4  NVIDIA H100 PCIe               Off | 00000000:99:00.0 Off |                    0 |
| N/A   30C    P0              48W / 350W |      3MiB / 81559MiB |      0%      Default |
|                                         |                      |             Disabled |
+-----------------------------------------+----------------------+----------------------+
|   5  NVIDIA H100 PCIe               Off | 00000000:BD:00.0 Off |                    0 |
| N/A   31C    P0              49W / 350W |      3MiB / 81559MiB |      0%      Default |
|                                         |                      |             Disabled |
+-----------------------------------------+----------------------+----------------------+
|   6  NVIDIA H100 PCIe               Off | 00000000:CF:00.0 Off |                    0 |
| N/A   30C    P0              48W / 350W |      3MiB / 81559MiB |      0%      Default |
|                                         |                      |             Disabled |
+-----------------------------------------+----------------------+----------------------+
|   7  NVIDIA H100 PCIe               Off | 00000000:E1:00.0 Off |                    0 |
| N/A   33C    P0              50W / 350W |      3MiB / 81559MiB |      0%      Default |
|                                         |                      |             Disabled |
+-----------------------------------------+----------------------+----------------------+
                                                                                         
+---------------------------------------------------------------------------------------+
| Processes:                                                                            |
|  GPU   GI   CI        PID   Type   Process name                            GPU Memory |
|        ID   ID                                                             Usage      |
|=======================================================================================|
|  No running processes found                                                           |
+---------------------------------------------------------------------------------------+
Wed Jul 16 14:01:14 2025       
+---------------------------------------------------------------------------------------+
| NVIDIA-SMI 535.183.01             Driver Version: 535.183.01   CUDA Version: 12.2     |
|-----------------------------------------+----------------------+----------------------+
| GPU  Name                 Persistence-M | Bus-Id        Disp.A | Volatile Uncorr. ECC |
| Fan  Temp   Perf          Pwr:Usage/Cap |         Memory-Usage | GPU-Util  Compute M. |
|                                         |                      |               MIG M. |
|=========================================+======================+======================|
|   0  NVIDIA H100 PCIe               Off | 00000000:17:00.0 Off |                    0 |
| N/A   30C    P0              47W / 350W |      3MiB / 81559MiB |      0%      Default |
|                                         |                      |             Disabled |
+-----------------------------------------+----------------------+----------------------+
|   1  NVIDIA H100 PCIe               Off | 00000000:3D:00.0 Off |                    0 |
| N/A   32C    P0              47W / 350W |      3MiB / 81559MiB |      0%      Default |
|                                         |                      |             Disabled |
+-----------------------------------------+----------------------+----------------------+
|   2  NVIDIA H100 PCIe               Off | 00000000:50:00.0 Off |                    0 |
| N/A   31C    P0              48W / 350W |      3MiB / 81559MiB |      0%      Default |
|                                         |                      |             Disabled |
+-----------------------------------------+----------------------+----------------------+
|   3  NVIDIA H100 PCIe               Off | 00000000:63:00.0 Off |                    0 |
| N/A   31C    P0              48W / 350W |      3MiB / 81559MiB |      0%      Default |
|                                         |                      |             Disabled |
+-----------------------------------------+----------------------+----------------------+
|   4  NVIDIA H100 PCIe               Off | 00000000:99:00.0 Off |                    0 |
| N/A   30C    P0              48W / 350W |      3MiB / 81559MiB |      0%      Default |
|                                         |                      |             Disabled |
+-----------------------------------------+----------------------+----------------------+
|   5  NVIDIA H100 PCIe               Off | 00000000:BD:00.0 Off |                    0 |
| N/A   31C    P0              49W / 350W |      3MiB / 81559MiB |      0%      Default |
|                                         |                      |             Disabled |
+-----------------------------------------+----------------------+----------------------+
|   6  NVIDIA H100 PCIe               Off | 00000000:CF:00.0 Off |                    0 |
| N/A   30C    P0              48W / 350W |      3MiB / 81559MiB |      0%      Default |
|                                         |                      |             Disabled |
+-----------------------------------------+----------------------+----------------------+
|   7  NVIDIA H100 PCIe               Off | 00000000:E1:00.0 Off |                    0 |
| N/A   33C    P0              50W / 350W |      3MiB / 81559MiB |      0%      Default |
|                                         |                      |             Disabled |
+-----------------------------------------+----------------------+----------------------+
                                                                                         
+---------------------------------------------------------------------------------------+
| Processes:                                                                            |
|  GPU   GI   CI        PID   Type   Process name                            GPU Memory |
|        ID   ID                                                             Usage      |
|=======================================================================================|
|  No running processes found                                                           |
+---------------------------------------------------------------------------------------+
Wed Jul 16 14:01:16 2025       
+---------------------------------------------------------------------------------------+
| NVIDIA-SMI 535.183.01             Driver Version: 535.183.01   CUDA Version: 12.2     |
|-----------------------------------------+----------------------+----------------------+
| GPU  Name                 Persistence-M | Bus-Id        Disp.A | Volatile Uncorr. ECC |
| Fan  Temp   Perf          Pwr:Usage/Cap |         Memory-Usage | GPU-Util  Compute M. |
|                                         |                      |               MIG M. |
|=========================================+======================+======================|
|   0  NVIDIA H100 PCIe               Off | 00000000:17:00.0 Off |                    0 |
| N/A   30C    P0              47W / 350W |      3MiB / 81559MiB |      0%      Default |
|                                         |                      |             Disabled |
+-----------------------------------------+----------------------+----------------------+
|   1  NVIDIA H100 PCIe               Off | 00000000:3D:00.0 Off |                    0 |
| N/A   32C    P0              47W / 350W |      3MiB / 81559MiB |      0%      Default |
|                                         |                      |             Disabled |
+-----------------------------------------+----------------------+----------------------+
|   2  NVIDIA H100 PCIe               Off | 00000000:50:00.0 Off |                    0 |
| N/A   31C    P0              48W / 350W |      3MiB / 81559MiB |      0%      Default |
|                                         |                      |             Disabled |
+-----------------------------------------+----------------------+----------------------+
|   3  NVIDIA H100 PCIe               Off | 00000000:63:00.0 Off |                    0 |
| N/A   31C    P0              48W / 350W |      3MiB / 81559MiB |      0%      Default |
|                                         |                      |             Disabled |
+-----------------------------------------+----------------------+----------------------+
|   4  NVIDIA H100 PCIe               Off | 00000000:99:00.0 Off |                    0 |
| N/A   30C    P0              48W / 350W |      3MiB / 81559MiB |      0%      Default |
|                                         |                      |             Disabled |
+-----------------------------------------+----------------------+----------------------+
|   5  NVIDIA H100 PCIe               Off | 00000000:BD:00.0 Off |                    0 |
| N/A   31C    P0              49W / 350W |      3MiB / 81559MiB |      0%      Default |
|                                         |                      |             Disabled |
+-----------------------------------------+----------------------+----------------------+
|   6  NVIDIA H100 PCIe               Off | 00000000:CF:00.0 Off |                    0 |
| N/A   30C    P0              48W / 350W |      3MiB / 81559MiB |      0%      Default |
|                                         |                      |             Disabled |
+-----------------------------------------+----------------------+----------------------+
|   7  NVIDIA H100 PCIe               Off | 00000000:E1:00.0 Off |                    0 |
| N/A   33C    P0              50W / 350W |      3MiB / 81559MiB |      0%      Default |
|                                         |                      |             Disabled |
+-----------------------------------------+----------------------+----------------------+
                                                                                         
+---------------------------------------------------------------------------------------+
| Processes:                                                                            |
|  GPU   GI   CI        PID   Type   Process name                            GPU Memory |
|        ID   ID                                                             Usage      |
|=======================================================================================|
|  No running processes found                                                           |
+---------------------------------------------------------------------------------------+
Wed Jul 16 14:01:18 2025       
+---------------------------------------------------------------------------------------+
| NVIDIA-SMI 535.183.01             Driver Version: 535.183.01   CUDA Version: 12.2     |
|-----------------------------------------+----------------------+----------------------+
| GPU  Name                 Persistence-M | Bus-Id        Disp.A | Volatile Uncorr. ECC |
| Fan  Temp   Perf          Pwr:Usage/Cap |         Memory-Usage | GPU-Util  Compute M. |
|                                         |                      |               MIG M. |
|=========================================+======================+======================|
|   0  NVIDIA H100 PCIe               Off | 00000000:17:00.0 Off |                    0 |
| N/A   30C    P0              47W / 350W |      3MiB / 81559MiB |      0%      Default |
|                                         |                      |             Disabled |
+-----------------------------------------+----------------------+----------------------+
|   1  NVIDIA H100 PCIe               Off | 00000000:3D:00.0 Off |                    0 |
| N/A   32C    P0              47W / 350W |      3MiB / 81559MiB |      0%      Default |
|                                         |                      |             Disabled |
+-----------------------------------------+----------------------+----------------------+
|   2  NVIDIA H100 PCIe               Off | 00000000:50:00.0 Off |                    0 |
| N/A   31C    P0              48W / 350W |      3MiB / 81559MiB |      0%      Default |
|                                         |                      |             Disabled |
+-----------------------------------------+----------------------+----------------------+
|   3  NVIDIA H100 PCIe               Off | 00000000:63:00.0 Off |                    0 |
| N/A   31C    P0              48W / 350W |      3MiB / 81559MiB |      0%      Default |
|                                         |                      |             Disabled |
+-----------------------------------------+----------------------+----------------------+
|   4  NVIDIA H100 PCIe               Off | 00000000:99:00.0 Off |                    0 |
| N/A   30C    P0              48W / 350W |      3MiB / 81559MiB |      0%      Default |
|                                         |                      |             Disabled |
+-----------------------------------------+----------------------+----------------------+
|   5  NVIDIA H100 PCIe               Off | 00000000:BD:00.0 Off |                    0 |
| N/A   31C    P0              49W / 350W |      3MiB / 81559MiB |      0%      Default |
|                                         |                      |             Disabled |
+-----------------------------------------+----------------------+----------------------+
|   6  NVIDIA H100 PCIe               Off | 00000000:CF:00.0 Off |                    0 |
| N/A   30C    P0              48W / 350W |      3MiB / 81559MiB |      0%      Default |
|                                         |                      |             Disabled |
+-----------------------------------------+----------------------+----------------------+
|   7  NVIDIA H100 PCIe               Off | 00000000:E1:00.0 Off |                    0 |
| N/A   33C    P0              50W / 350W |      3MiB / 81559MiB |      0%      Default |
|                                         |                      |             Disabled |
+-----------------------------------------+----------------------+----------------------+
                                                                                         
+---------------------------------------------------------------------------------------+
| Processes:                                                                            |
|  GPU   GI   CI        PID   Type   Process name                            GPU Memory |
|        ID   ID                                                             Usage      |
|=======================================================================================|
|  No running processes found                                                           |
+---------------------------------------------------------------------------------------+
Wed Jul 16 14:01:20 2025       
+---------------------------------------------------------------------------------------+
| NVIDIA-SMI 535.183.01             Driver Version: 535.183.01   CUDA Version: 12.2     |
|-----------------------------------------+----------------------+----------------------+
| GPU  Name                 Persistence-M | Bus-Id        Disp.A | Volatile Uncorr. ECC |
| Fan  Temp   Perf          Pwr:Usage/Cap |         Memory-Usage | GPU-Util  Compute M. |
|                                         |                      |               MIG M. |
|=========================================+======================+======================|
|   0  NVIDIA H100 PCIe               Off | 00000000:17:00.0 Off |                    0 |
| N/A   30C    P0              47W / 350W |      3MiB / 81559MiB |      0%      Default |
|                                         |                      |             Disabled |
+-----------------------------------------+----------------------+----------------------+
|   1  NVIDIA H100 PCIe               Off | 00000000:3D:00.0 Off |                    0 |
| N/A   32C    P0              47W / 350W |      3MiB / 81559MiB |      0%      Default |
|                                         |                      |             Disabled |
+-----------------------------------------+----------------------+----------------------+
|   2  NVIDIA H100 PCIe               Off | 00000000:50:00.0 Off |                    0 |
| N/A   31C    P0              48W / 350W |      3MiB / 81559MiB |      0%      Default |
|                                         |                      |             Disabled |
+-----------------------------------------+----------------------+----------------------+
|   3  NVIDIA H100 PCIe               Off | 00000000:63:00.0 Off |                    0 |
| N/A   31C    P0              48W / 350W |      3MiB / 81559MiB |      0%      Default |
|                                         |                      |             Disabled |
+-----------------------------------------+----------------------+----------------------+
|   4  NVIDIA H100 PCIe               Off | 00000000:99:00.0 Off |                    0 |
| N/A   30C    P0              48W / 350W |      3MiB / 81559MiB |      0%      Default |
|                                         |                      |             Disabled |
+-----------------------------------------+----------------------+----------------------+
|   5  NVIDIA H100 PCIe               Off | 00000000:BD:00.0 Off |                    0 |
| N/A   31C    P0              49W / 350W |      3MiB / 81559MiB |      0%      Default |
|                                         |                      |             Disabled |
+-----------------------------------------+----------------------+----------------------+
|   6  NVIDIA H100 PCIe               Off | 00000000:CF:00.0 Off |                    0 |
| N/A   30C    P0              48W / 350W |      3MiB / 81559MiB |      0%      Default |
|                                         |                      |             Disabled |
+-----------------------------------------+----------------------+----------------------+
|   7  NVIDIA H100 PCIe               Off | 00000000:E1:00.0 Off |                    0 |
| N/A   33C    P0              50W / 350W |      3MiB / 81559MiB |      0%      Default |
|                                         |                      |             Disabled |
+-----------------------------------------+----------------------+----------------------+
                                                                                         
+---------------------------------------------------------------------------------------+
| Processes:                                                                            |
|  GPU   GI   CI        PID   Type   Process name                            GPU Memory |
|        ID   ID                                                             Usage      |
|=======================================================================================|
|  No running processes found                                                           |
+---------------------------------------------------------------------------------------+
Wed Jul 16 14:01:22 2025       
+---------------------------------------------------------------------------------------+
| NVIDIA-SMI 535.183.01             Driver Version: 535.183.01   CUDA Version: 12.2     |
|-----------------------------------------+----------------------+----------------------+
| GPU  Name                 Persistence-M | Bus-Id        Disp.A | Volatile Uncorr. ECC |
| Fan  Temp   Perf          Pwr:Usage/Cap |         Memory-Usage | GPU-Util  Compute M. |
|                                         |                      |               MIG M. |
|=========================================+======================+======================|
|   0  NVIDIA H100 PCIe               Off | 00000000:17:00.0 Off |                    0 |
| N/A   30C    P0              47W / 350W |      3MiB / 81559MiB |      0%      Default |
|                                         |                      |             Disabled |
+-----------------------------------------+----------------------+----------------------+
|   1  NVIDIA H100 PCIe               Off | 00000000:3D:00.0 Off |                    0 |
| N/A   32C    P0              47W / 350W |      3MiB / 81559MiB |      0%      Default |
|                                         |                      |             Disabled |
+-----------------------------------------+----------------------+----------------------+
|   2  NVIDIA H100 PCIe               Off | 00000000:50:00.0 Off |                    0 |
| N/A   31C    P0              48W / 350W |      3MiB / 81559MiB |      0%      Default |
|                                         |                      |             Disabled |
+-----------------------------------------+----------------------+----------------------+
|   3  NVIDIA H100 PCIe               Off | 00000000:63:00.0 Off |                    0 |
| N/A   31C    P0              48W / 350W |      3MiB / 81559MiB |      0%      Default |
|                                         |                      |             Disabled |
+-----------------------------------------+----------------------+----------------------+
|   4  NVIDIA H100 PCIe               Off | 00000000:99:00.0 Off |                    0 |
| N/A   30C    P0              48W / 350W |      3MiB / 81559MiB |      0%      Default |
|                                         |                      |             Disabled |
+-----------------------------------------+----------------------+----------------------+
|   5  NVIDIA H100 PCIe               Off | 00000000:BD:00.0 Off |                    0 |
| N/A   31C    P0              49W / 350W |      3MiB / 81559MiB |      0%      Default |
|                                         |                      |             Disabled |
+-----------------------------------------+----------------------+----------------------+
|   6  NVIDIA H100 PCIe               Off | 00000000:CF:00.0 Off |                    0 |
| N/A   30C    P0              48W / 350W |      3MiB / 81559MiB |      0%      Default |
|                                         |                      |             Disabled |
+-----------------------------------------+----------------------+----------------------+
|   7  NVIDIA H100 PCIe               Off | 00000000:E1:00.0 Off |                    0 |
| N/A   33C    P0              50W / 350W |      3MiB / 81559MiB |      0%      Default |
|                                         |                      |             Disabled |
+-----------------------------------------+----------------------+----------------------+
                                                                                         
+---------------------------------------------------------------------------------------+
| Processes:                                                                            |
|  GPU   GI   CI        PID   Type   Process name                            GPU Memory |
|        ID   ID                                                             Usage      |
|=======================================================================================|
|  No running processes found                                                           |
+---------------------------------------------------------------------------------------+
Wed Jul 16 14:01:23 2025       
+---------------------------------------------------------------------------------------+
| NVIDIA-SMI 535.183.01             Driver Version: 535.183.01   CUDA Version: 12.2     |
|-----------------------------------------+----------------------+----------------------+
| GPU  Name                 Persistence-M | Bus-Id        Disp.A | Volatile Uncorr. ECC |
| Fan  Temp   Perf          Pwr:Usage/Cap |         Memory-Usage | GPU-Util  Compute M. |
|                                         |                      |               MIG M. |
|=========================================+======================+======================|
|   0  NVIDIA H100 PCIe               Off | 00000000:17:00.0 Off |                    0 |
| N/A   30C    P0              47W / 350W |      3MiB / 81559MiB |      0%      Default |
|                                         |                      |             Disabled |
+-----------------------------------------+----------------------+----------------------+
|   1  NVIDIA H100 PCIe               Off | 00000000:3D:00.0 Off |                    0 |
| N/A   32C    P0              47W / 350W |      3MiB / 81559MiB |      0%      Default |
|                                         |                      |             Disabled |
+-----------------------------------------+----------------------+----------------------+
|   2  NVIDIA H100 PCIe               Off | 00000000:50:00.0 Off |                    0 |
| N/A   31C    P0              48W / 350W |      3MiB / 81559MiB |      0%      Default |
|                                         |                      |             Disabled |
+-----------------------------------------+----------------------+----------------------+
|   3  NVIDIA H100 PCIe               Off | 00000000:63:00.0 Off |                    0 |
| N/A   31C    P0              48W / 350W |      3MiB / 81559MiB |      0%      Default |
|                                         |                      |             Disabled |
+-----------------------------------------+----------------------+----------------------+
|   4  NVIDIA H100 PCIe               Off | 00000000:99:00.0 Off |                    0 |
| N/A   30C    P0              48W / 350W |      3MiB / 81559MiB |      0%      Default |
|                                         |                      |             Disabled |
+-----------------------------------------+----------------------+----------------------+
|   5  NVIDIA H100 PCIe               Off | 00000000:BD:00.0 Off |                    0 |
| N/A   31C    P0              49W / 350W |      3MiB / 81559MiB |      0%      Default |
|                                         |                      |             Disabled |
+-----------------------------------------+----------------------+----------------------+
|   6  NVIDIA H100 PCIe               Off | 00000000:CF:00.0 Off |                    0 |
| N/A   30C    P0              48W / 350W |      3MiB / 81559MiB |      0%      Default |
|                                         |                      |             Disabled |
+-----------------------------------------+----------------------+----------------------+
|   7  NVIDIA H100 PCIe               Off | 00000000:E1:00.0 Off |                    0 |
| N/A   33C    P0              50W / 350W |      3MiB / 81559MiB |      0%      Default |
|                                         |                      |             Disabled |
+-----------------------------------------+----------------------+----------------------+
                                                                                         
+---------------------------------------------------------------------------------------+
| Processes:                                                                            |
|  GPU   GI   CI        PID   Type   Process name                            GPU Memory |
|        ID   ID                                                             Usage      |
|=======================================================================================|
|  No running processes found                                                           |
+---------------------------------------------------------------------------------------+
